{"C:\\Users\\Hp\\Desktop\\New folder (2)\\nod2\\db-connect.js": {"path":"C:\\Users\\Hp\\Desktop\\New folder (2)\\nod2\\db-connect.js","statementMap":{"0":{"start":{"line":1,"column":33},"end":{"line":1,"column":53}},"1":{"start":{"line":3,"column":18},"end":{"line":9,"column":2}},"2":{"start":{"line":11,"column":0},"end":{"line":18,"column":6}},"3":{"start":{"line":14,"column":8},"end":{"line":14,"column":52}},"4":{"start":{"line":17,"column":8},"end":{"line":17,"column":58}},"5":{"start":{"line":20,"column":0},"end":{"line":20,"column":30}}},"fnMap":{"0":{"name":"(anonymous_0)","decl":{"start":{"line":13,"column":10},"end":{"line":13,"column":11}},"loc":{"start":{"line":13,"column":16},"end":{"line":15,"column":5}},"line":13},"1":{"name":"(anonymous_1)","decl":{"start":{"line":16,"column":11},"end":{"line":16,"column":12}},"loc":{"start":{"line":16,"column":18},"end":{"line":18,"column":5}},"line":16}},"branchMap":{},"s":{"0":1,"1":1,"2":1,"3":1,"4":0,"5":1},"f":{"0":1,"1":0},"b":{},"_coverageSchema":"1a1c01bbd47fc00a2c39e90264f33305004495a9","hash":"0962aa9203b66b6c61bbbd71c785ff8cae6a4221"}
,"C:\\Users\\Hp\\Desktop\\New folder (2)\\nod2\\index.js": {"path":"C:\\Users\\Hp\\Desktop\\New folder (2)\\nod2\\index.js","statementMap":{"0":{"start":{"line":1,"column":16},"end":{"line":1,"column":34}},"1":{"start":{"line":2,"column":12},"end":{"line":2,"column":21}},"2":{"start":{"line":3,"column":0},"end":{"line":3,"column":23}},"3":{"start":{"line":5,"column":15},"end":{"line":5,"column":44}},"4":{"start":{"line":6,"column":0},"end":{"line":6,"column":15}},"5":{"start":{"line":7,"column":0},"end":{"line":7,"column":21}}},"fnMap":{},"branchMap":{},"s":{"0":1,"1":1,"2":1,"3":1,"4":1,"5":1},"f":{},"b":{},"_coverageSchema":"1a1c01bbd47fc00a2c39e90264f33305004495a9","hash":"d5506863b6e01cdfd434aa703644528491e4d5a2"}
,"C:\\Users\\Hp\\Desktop\\New folder (2)\\nod2\\controller\\route.js": {"path":"C:\\Users\\Hp\\Desktop\\New folder (2)\\nod2\\controller\\route.js","statementMap":{"0":{"start":{"line":1,"column":16},"end":{"line":1,"column":34}},"1":{"start":{"line":2,"column":15},"end":{"line":2,"column":31}},"2":{"start":{"line":3,"column":19},"end":{"line":3,"column":60}},"3":{"start":{"line":5,"column":0},"end":{"line":5,"column":52}},"4":{"start":{"line":6,"column":0},"end":{"line":6,"column":41}},"5":{"start":{"line":7,"column":0},"end":{"line":7,"column":44}},"6":{"start":{"line":8,"column":0},"end":{"line":8,"column":47}},"7":{"start":{"line":9,"column":0},"end":{"line":9,"column":44}},"8":{"start":{"line":10,"column":0},"end":{"line":10,"column":41}},"9":{"start":{"line":12,"column":0},"end":{"line":12,"column":23}}},"fnMap":{},"branchMap":{},"s":{"0":1,"1":1,"2":1,"3":1,"4":1,"5":1,"6":1,"7":1,"8":1,"9":1},"f":{},"b":{},"_coverageSchema":"1a1c01bbd47fc00a2c39e90264f33305004495a9","hash":"25288824ead71d1acfedfca3563fc6b246fa6c75"}
,"C:\\Users\\Hp\\Desktop\\New folder (2)\\nod2\\dao\\operation.js": {"path":"C:\\Users\\Hp\\Desktop\\New folder (2)\\nod2\\dao\\operation.js","statementMap":{"0":{"start":{"line":1,"column":35},"end":{"line":1,"column":66}},"1":{"start":{"line":2,"column":22},"end":{"line":2,"column":42}},"2":{"start":{"line":3,"column":15},"end":{"line":3,"column":35}},"3":{"start":{"line":6,"column":20},"end":{"line":17,"column":1}},"4":{"start":{"line":7,"column":2},"end":{"line":16,"column":3}},"5":{"start":{"line":8,"column":17},"end":{"line":10,"column":6}},"6":{"start":{"line":11,"column":4},"end":{"line":11,"column":46}},"7":{"start":{"line":13,"column":4},"end":{"line":15,"column":58}},"8":{"start":{"line":21,"column":24},"end":{"line":31,"column":1}},"9":{"start":{"line":22,"column":2},"end":{"line":30,"column":3}},"10":{"start":{"line":23,"column":17},"end":{"line":26,"column":6}},"11":{"start":{"line":27,"column":4},"end":{"line":27,"column":46}},"12":{"start":{"line":29,"column":4},"end":{"line":29,"column":14}},"13":{"start":{"line":35,"column":22},"end":{"line":55,"column":1}},"14":{"start":{"line":36,"column":2},"end":{"line":54,"column":3}},"15":{"start":{"line":37,"column":20},"end":{"line":41,"column":6}},"16":{"start":{"line":43,"column":25},"end":{"line":48,"column":6}},"17":{"start":{"line":50,"column":4},"end":{"line":52,"column":5}},"18":{"start":{"line":51,"column":6},"end":{"line":51,"column":45}},"19":{"start":{"line":53,"column":4},"end":{"line":53,"column":34}},"20":{"start":{"line":59,"column":20},"end":{"line":75,"column":1}},"21":{"start":{"line":60,"column":2},"end":{"line":74,"column":3}},"22":{"start":{"line":61,"column":20},"end":{"line":63,"column":6}},"23":{"start":{"line":64,"column":4},"end":{"line":71,"column":5}},"24":{"start":{"line":65,"column":6},"end":{"line":67,"column":9}},"25":{"start":{"line":68,"column":6},"end":{"line":70,"column":9}},"26":{"start":{"line":73,"column":4},"end":{"line":73,"column":31}},"27":{"start":{"line":78,"column":19},"end":{"line":93,"column":1}},"28":{"start":{"line":79,"column":2},"end":{"line":92,"column":3}},"29":{"start":{"line":80,"column":17},"end":{"line":87,"column":6}},"30":{"start":{"line":88,"column":4},"end":{"line":88,"column":46}},"31":{"start":{"line":91,"column":4},"end":{"line":91,"column":14}},"32":{"start":{"line":98,"column":30},"end":{"line":149,"column":1}},"33":{"start":{"line":101,"column":2},"end":{"line":110,"column":3}},"34":{"start":{"line":102,"column":4},"end":{"line":102,"column":24}},"35":{"start":{"line":103,"column":4},"end":{"line":103,"column":24}},"36":{"start":{"line":104,"column":9},"end":{"line":110,"column":3}},"37":{"start":{"line":105,"column":4},"end":{"line":105,"column":24}},"38":{"start":{"line":106,"column":4},"end":{"line":106,"column":24}},"39":{"start":{"line":107,"column":9},"end":{"line":110,"column":3}},"40":{"start":{"line":108,"column":4},"end":{"line":108,"column":24}},"41":{"start":{"line":109,"column":4},"end":{"line":109,"column":24}},"42":{"start":{"line":112,"column":2},"end":{"line":148,"column":3}},"43":{"start":{"line":113,"column":21},"end":{"line":135,"column":6}},"44":{"start":{"line":136,"column":33},"end":{"line":141,"column":6}},"45":{"start":{"line":137,"column":6},"end":{"line":140,"column":8}},"46":{"start":{"line":143,"column":4},"end":{"line":143,"column":32}},"47":{"start":{"line":145,"column":4},"end":{"line":147,"column":68}},"48":{"start":{"line":153,"column":0},"end":{"line":161,"column":1}}},"fnMap":{"0":{"name":"(anonymous_0)","decl":{"start":{"line":6,"column":20},"end":{"line":6,"column":21}},"loc":{"start":{"line":6,"column":35},"end":{"line":17,"column":1}},"line":6},"1":{"name":"(anonymous_1)","decl":{"start":{"line":21,"column":24},"end":{"line":21,"column":25}},"loc":{"start":{"line":21,"column":43},"end":{"line":31,"column":1}},"line":21},"2":{"name":"(anonymous_2)","decl":{"start":{"line":35,"column":22},"end":{"line":35,"column":23}},"loc":{"start":{"line":35,"column":65},"end":{"line":55,"column":1}},"line":35},"3":{"name":"(anonymous_3)","decl":{"start":{"line":59,"column":20},"end":{"line":59,"column":21}},"loc":{"start":{"line":59,"column":68},"end":{"line":75,"column":1}},"line":59},"4":{"name":"(anonymous_4)","decl":{"start":{"line":78,"column":19},"end":{"line":78,"column":20}},"loc":{"start":{"line":78,"column":38},"end":{"line":93,"column":1}},"line":78},"5":{"name":"(anonymous_5)","decl":{"start":{"line":98,"column":30},"end":{"line":98,"column":31}},"loc":{"start":{"line":98,"column":55},"end":{"line":149,"column":1}},"line":98},"6":{"name":"(anonymous_6)","decl":{"start":{"line":136,"column":46},"end":{"line":136,"column":47}},"loc":{"start":{"line":136,"column":59},"end":{"line":141,"column":5}},"line":136}},"branchMap":{"0":{"loc":{"start":{"line":50,"column":4},"end":{"line":52,"column":5}},"type":"if","locations":[{"start":{"line":50,"column":4},"end":{"line":52,"column":5}},{"start":{},"end":{}}],"line":50},"1":{"loc":{"start":{"line":64,"column":4},"end":{"line":71,"column":5}},"type":"if","locations":[{"start":{"line":64,"column":4},"end":{"line":71,"column":5}},{"start":{},"end":{}}],"line":64},"2":{"loc":{"start":{"line":101,"column":2},"end":{"line":110,"column":3}},"type":"if","locations":[{"start":{"line":101,"column":2},"end":{"line":110,"column":3}},{"start":{"line":104,"column":9},"end":{"line":110,"column":3}}],"line":101},"3":{"loc":{"start":{"line":104,"column":9},"end":{"line":110,"column":3}},"type":"if","locations":[{"start":{"line":104,"column":9},"end":{"line":110,"column":3}},{"start":{"line":107,"column":9},"end":{"line":110,"column":3}}],"line":104},"4":{"loc":{"start":{"line":107,"column":9},"end":{"line":110,"column":3}},"type":"if","locations":[{"start":{"line":107,"column":9},"end":{"line":110,"column":3}},{"start":{},"end":{}}],"line":107}},"s":{"0":1,"1":1,"2":1,"3":1,"4":1,"5":1,"6":1,"7":0,"8":1,"9":4,"10":4,"11":2,"12":2,"13":1,"14":4,"15":4,"16":0,"17":4,"18":2,"19":2,"20":1,"21":2,"22":2,"23":1,"24":1,"25":1,"26":1,"27":1,"28":3,"29":3,"30":2,"31":1,"32":1,"33":3,"34":1,"35":1,"36":2,"37":1,"38":1,"39":1,"40":1,"41":1,"42":3,"43":3,"44":3,"45":3,"46":3,"47":0,"48":1},"f":{"0":1,"1":4,"2":4,"3":2,"4":3,"5":3,"6":3},"b":{"0":[2,2],"1":[1,0],"2":[1,2],"3":[1,1],"4":[1,0]},"_coverageSchema":"1a1c01bbd47fc00a2c39e90264f33305004495a9","hash":"666766ad94a3582073ef4769b59cd96bb970d7d9"}
,"C:\\Users\\Hp\\Desktop\\New folder (2)\\nod2\\models\\db-details.js": {"path":"C:\\Users\\Hp\\Desktop\\New folder (2)\\nod2\\models\\db-details.js","statementMap":{"0":{"start":{"line":1,"column":22},"end":{"line":1,"column":46}},"1":{"start":{"line":2,"column":33},"end":{"line":2,"column":53}},"2":{"start":{"line":4,"column":24},"end":{"line":29,"column":2}},"3":{"start":{"line":31,"column":14},"end":{"line":62,"column":1}},"4":{"start":{"line":63,"column":0},"end":{"line":70,"column":6}},"5":{"start":{"line":72,"column":0},"end":{"line":72,"column":17}},"6":{"start":{"line":73,"column":0},"end":{"line":76,"column":2}}},"fnMap":{},"branchMap":{},"s":{"0":1,"1":1,"2":1,"3":1,"4":1,"5":1,"6":1},"f":{},"b":{},"_coverageSchema":"1a1c01bbd47fc00a2c39e90264f33305004495a9","hash":"e7e1e521bb5ca19669975b894a141987924ab636"}
,"C:\\Users\\Hp\\Desktop\\New folder (2)\\nod2\\responseHandler.js\\response.js": {"path":"C:\\Users\\Hp\\Desktop\\New folder (2)\\nod2\\responseHandler.js\\response.js","statementMap":{"0":{"start":{"line":1,"column":16},"end":{"line":1,"column":34}},"1":{"start":{"line":2,"column":12},"end":{"line":2,"column":21}},"2":{"start":{"line":3,"column":16},"end":{"line":3,"column":43}},"3":{"start":{"line":4,"column":21},"end":{"line":4,"column":46}},"4":{"start":{"line":6,"column":0},"end":{"line":6,"column":23}},"5":{"start":{"line":7,"column":21},"end":{"line":16,"column":1}},"6":{"start":{"line":8,"column":17},"end":{"line":8,"column":44}},"7":{"start":{"line":9,"column":4},"end":{"line":14,"column":5}},"8":{"start":{"line":10,"column":8},"end":{"line":10,"column":87}},"9":{"start":{"line":13,"column":8},"end":{"line":13,"column":51}},"10":{"start":{"line":17,"column":15},"end":{"line":34,"column":1}},"11":{"start":{"line":18,"column":15},"end":{"line":18,"column":27}},"12":{"start":{"line":19,"column":4},"end":{"line":32,"column":5}},"13":{"start":{"line":20,"column":21},"end":{"line":20,"column":54}},"14":{"start":{"line":21,"column":8},"end":{"line":26,"column":9}},"15":{"start":{"line":22,"column":12},"end":{"line":22,"column":76}},"16":{"start":{"line":25,"column":12},"end":{"line":25,"column":54}},"17":{"start":{"line":29,"column":8},"end":{"line":31,"column":70}},"18":{"start":{"line":35,"column":15},"end":{"line":64,"column":1}},"19":{"start":{"line":36,"column":43},"end":{"line":36,"column":51}},"20":{"start":{"line":37,"column":4},"end":{"line":63,"column":5}},"21":{"start":{"line":39,"column":8},"end":{"line":41,"column":9}},"22":{"start":{"line":40,"column":12},"end":{"line":40,"column":55}},"23":{"start":{"line":42,"column":8},"end":{"line":44,"column":9}},"24":{"start":{"line":43,"column":12},"end":{"line":43,"column":55}},"25":{"start":{"line":45,"column":8},"end":{"line":45,"column":63}},"26":{"start":{"line":46,"column":8},"end":{"line":54,"column":11}},"27":{"start":{"line":58,"column":8},"end":{"line":60,"column":9}},"28":{"start":{"line":59,"column":12},"end":{"line":59,"column":66}},"29":{"start":{"line":66,"column":16},"end":{"line":82,"column":1}},"30":{"start":{"line":68,"column":15},"end":{"line":68,"column":27}},"31":{"start":{"line":69,"column":4},"end":{"line":81,"column":5}},"32":{"start":{"line":70,"column":21},"end":{"line":70,"column":49}},"33":{"start":{"line":71,"column":8},"end":{"line":76,"column":9}},"34":{"start":{"line":72,"column":12},"end":{"line":72,"column":71}},"35":{"start":{"line":75,"column":12},"end":{"line":75,"column":56}},"36":{"start":{"line":78,"column":8},"end":{"line":80,"column":69}},"37":{"start":{"line":84,"column":22},"end":{"line":98,"column":1}},"38":{"start":{"line":85,"column":48},"end":{"line":85,"column":56}},"39":{"start":{"line":86,"column":4},"end":{"line":97,"column":5}},"40":{"start":{"line":87,"column":8},"end":{"line":87,"column":67}},"41":{"start":{"line":88,"column":8},"end":{"line":90,"column":9}},"42":{"start":{"line":89,"column":12},"end":{"line":89,"column":61}},"43":{"start":{"line":91,"column":8},"end":{"line":91,"column":78}},"44":{"start":{"line":91,"column":21},"end":{"line":91,"column":76}},"45":{"start":{"line":94,"column":8},"end":{"line":96,"column":69}},"46":{"start":{"line":100,"column":17},"end":{"line":120,"column":1}},"47":{"start":{"line":101,"column":4},"end":{"line":119,"column":5}},"48":{"start":{"line":102,"column":27},"end":{"line":102,"column":60}},"49":{"start":{"line":103,"column":28},"end":{"line":103,"column":30}},"50":{"start":{"line":105,"column":8},"end":{"line":108,"column":9}},"51":{"start":{"line":106,"column":29},"end":{"line":106,"column":74}},"52":{"start":{"line":107,"column":12},"end":{"line":107,"column":45}},"53":{"start":{"line":110,"column":8},"end":{"line":114,"column":11}},"54":{"start":{"line":116,"column":8},"end":{"line":118,"column":71}},"55":{"start":{"line":122,"column":0},"end":{"line":129,"column":2}}},"fnMap":{"0":{"name":"(anonymous_0)","decl":{"start":{"line":7,"column":21},"end":{"line":7,"column":22}},"loc":{"start":{"line":7,"column":41},"end":{"line":16,"column":1}},"line":7},"1":{"name":"(anonymous_1)","decl":{"start":{"line":17,"column":15},"end":{"line":17,"column":16}},"loc":{"start":{"line":17,"column":35},"end":{"line":34,"column":1}},"line":17},"2":{"name":"(anonymous_2)","decl":{"start":{"line":35,"column":15},"end":{"line":35,"column":16}},"loc":{"start":{"line":35,"column":35},"end":{"line":64,"column":1}},"line":35},"3":{"name":"(anonymous_3)","decl":{"start":{"line":66,"column":16},"end":{"line":66,"column":17}},"loc":{"start":{"line":66,"column":36},"end":{"line":82,"column":1}},"line":66},"4":{"name":"(anonymous_4)","decl":{"start":{"line":84,"column":22},"end":{"line":84,"column":23}},"loc":{"start":{"line":84,"column":42},"end":{"line":98,"column":1}},"line":84},"5":{"name":"(anonymous_5)","decl":{"start":{"line":100,"column":17},"end":{"line":100,"column":18}},"loc":{"start":{"line":100,"column":37},"end":{"line":120,"column":1}},"line":100}},"branchMap":{"0":{"loc":{"start":{"line":9,"column":4},"end":{"line":14,"column":5}},"type":"if","locations":[{"start":{"line":9,"column":4},"end":{"line":14,"column":5}},{"start":{"line":12,"column":9},"end":{"line":14,"column":5}}],"line":9},"1":{"loc":{"start":{"line":9,"column":8},"end":{"line":9,"column":35}},"type":"binary-expr","locations":[{"start":{"line":9,"column":8},"end":{"line":9,"column":14}},{"start":{"line":9,"column":18},"end":{"line":9,"column":35}}],"line":9},"2":{"loc":{"start":{"line":21,"column":8},"end":{"line":26,"column":9}},"type":"if","locations":[{"start":{"line":21,"column":8},"end":{"line":26,"column":9}},{"start":{"line":24,"column":13},"end":{"line":26,"column":9}}],"line":21},"3":{"loc":{"start":{"line":39,"column":8},"end":{"line":41,"column":9}},"type":"if","locations":[{"start":{"line":39,"column":8},"end":{"line":41,"column":9}},{"start":{},"end":{}}],"line":39},"4":{"loc":{"start":{"line":42,"column":8},"end":{"line":44,"column":9}},"type":"if","locations":[{"start":{"line":42,"column":8},"end":{"line":44,"column":9}},{"start":{},"end":{}}],"line":42},"5":{"loc":{"start":{"line":58,"column":8},"end":{"line":60,"column":9}},"type":"if","locations":[{"start":{"line":58,"column":8},"end":{"line":60,"column":9}},{"start":{},"end":{}}],"line":58},"6":{"loc":{"start":{"line":71,"column":8},"end":{"line":76,"column":9}},"type":"if","locations":[{"start":{"line":71,"column":8},"end":{"line":76,"column":9}},{"start":{"line":74,"column":13},"end":{"line":76,"column":9}}],"line":71},"7":{"loc":{"start":{"line":88,"column":8},"end":{"line":90,"column":9}},"type":"if","locations":[{"start":{"line":88,"column":8},"end":{"line":90,"column":9}},{"start":{},"end":{}}],"line":88},"8":{"loc":{"start":{"line":91,"column":8},"end":{"line":91,"column":78}},"type":"if","locations":[{"start":{"line":91,"column":8},"end":{"line":91,"column":78}},{"start":{},"end":{}}],"line":91}},"s":{"0":1,"1":1,"2":1,"3":1,"4":1,"5":1,"6":2,"7":2,"8":1,"9":1,"10":1,"11":4,"12":4,"13":4,"14":2,"15":0,"16":2,"17":2,"18":1,"19":4,"20":4,"21":4,"22":1,"23":4,"24":1,"25":4,"26":2,"27":4,"28":2,"29":1,"30":3,"31":3,"32":3,"33":2,"34":0,"35":2,"36":1,"37":1,"38":2,"39":2,"40":2,"41":2,"42":1,"43":2,"44":1,"45":0,"46":1,"47":2,"48":2,"49":2,"50":2,"51":6,"52":6,"53":2,"54":0,"55":1},"f":{"0":2,"1":4,"2":4,"3":3,"4":2,"5":2},"b":{"0":[1,1],"1":[2,2],"2":[0,2],"3":[1,3],"4":[1,3],"5":[2,2],"6":[0,2],"7":[1,1],"8":[1,1]},"_coverageSchema":"1a1c01bbd47fc00a2c39e90264f33305004495a9","hash":"c9635aa424068a9660099f02514c9151ac17750a"}
,"C:\\Users\\Hp\\Desktop\\New folder (2)\\nod2\\responseHandler.js\\responseText.js": {"path":"C:\\Users\\Hp\\Desktop\\New folder (2)\\nod2\\responseHandler.js\\responseText.js","statementMap":{"0":{"start":{"line":1,"column":0},"end":{"line":53,"column":1}}},"fnMap":{},"branchMap":{},"s":{"0":1},"f":{},"b":{},"_coverageSchema":"1a1c01bbd47fc00a2c39e90264f33305004495a9","hash":"3928b0bc248d41af9d09647ca0ff89f79114f1fd"}
}
