TN:
SF:db-connect.js
FN:13,(anonymous_0)
FN:16,(anonymous_1)
FNF:2
FNH:1
FNDA:1,(anonymous_0)
FNDA:0,(anonymous_1)
DA:1,1
DA:3,1
DA:11,1
DA:14,1
DA:17,0
DA:20,1
LF:6
LH:5
BRF:0
BRH:0
end_of_record
TN:
SF:index.js
FNF:0
FNH:0
DA:1,1
DA:2,1
DA:3,1
DA:5,1
DA:6,1
DA:7,1
LF:6
LH:6
BRF:0
BRH:0
end_of_record
TN:
SF:controller\route.js
FNF:0
FNH:0
DA:1,1
DA:2,1
DA:3,1
DA:5,1
DA:6,1
DA:7,1
DA:8,1
DA:9,1
DA:10,1
DA:12,1
LF:10
LH:10
BRF:0
BRH:0
end_of_record
TN:
SF:dao\operation.js
FN:6,(anonymous_0)
FN:21,(anonymous_1)
FN:35,(anonymous_2)
FN:59,(anonymous_3)
FN:78,(anonymous_4)
FN:98,(anonymous_5)
FN:136,(anonymous_6)
FNF:7
FNH:7
FNDA:1,(anonymous_0)
FNDA:4,(anonymous_1)
FNDA:4,(anonymous_2)
FNDA:2,(anonymous_3)
FNDA:3,(anonymous_4)
FNDA:3,(anonymous_5)
FNDA:3,(anonymous_6)
DA:1,1
DA:2,1
DA:3,1
DA:6,1
DA:7,1
DA:8,1
DA:11,1
DA:13,0
DA:21,1
DA:22,4
DA:23,4
DA:27,2
DA:29,2
DA:35,1
DA:36,4
DA:37,4
DA:43,0
DA:50,4
DA:51,2
DA:53,2
DA:59,1
DA:60,2
DA:61,2
DA:64,1
DA:65,1
DA:68,1
DA:73,1
DA:78,1
DA:79,3
DA:80,3
DA:88,2
DA:91,1
DA:98,1
DA:101,3
DA:102,1
DA:103,1
DA:104,2
DA:105,1
DA:106,1
DA:107,1
DA:108,1
DA:109,1
DA:112,3
DA:113,3
DA:136,3
DA:137,3
DA:143,3
DA:145,0
DA:153,1
LF:49
LH:46
BRDA:50,0,0,2
BRDA:50,0,1,2
BRDA:64,1,0,1
BRDA:64,1,1,0
BRDA:101,2,0,1
BRDA:101,2,1,2
BRDA:104,3,0,1
BRDA:104,3,1,1
BRDA:107,4,0,1
BRDA:107,4,1,0
BRF:10
BRH:8
end_of_record
TN:
SF:models\db-details.js
FNF:0
FNH:0
DA:1,1
DA:2,1
DA:4,1
DA:31,1
DA:63,1
DA:72,1
DA:73,1
LF:7
LH:7
BRF:0
BRH:0
end_of_record
TN:
SF:responseHandler.js\response.js
FN:7,(anonymous_0)
FN:17,(anonymous_1)
FN:35,(anonymous_2)
FN:66,(anonymous_3)
FN:84,(anonymous_4)
FN:100,(anonymous_5)
FNF:6
FNH:6
FNDA:2,(anonymous_0)
FNDA:4,(anonymous_1)
FNDA:4,(anonymous_2)
FNDA:3,(anonymous_3)
FNDA:2,(anonymous_4)
FNDA:2,(anonymous_5)
DA:1,1
DA:2,1
DA:3,1
DA:4,1
DA:6,1
DA:7,1
DA:8,2
DA:9,2
DA:10,1
DA:13,1
DA:17,1
DA:18,4
DA:19,4
DA:20,4
DA:21,2
DA:22,0
DA:25,2
DA:29,2
DA:35,1
DA:36,4
DA:37,4
DA:39,4
DA:40,1
DA:42,4
DA:43,1
DA:45,4
DA:46,2
DA:58,4
DA:59,2
DA:66,1
DA:68,3
DA:69,3
DA:70,3
DA:71,2
DA:72,0
DA:75,2
DA:78,1
DA:84,1
DA:85,2
DA:86,2
DA:87,2
DA:88,2
DA:89,1
DA:91,2
DA:94,0
DA:100,1
DA:101,2
DA:102,2
DA:103,2
DA:105,2
DA:106,6
DA:107,6
DA:110,2
DA:116,0
DA:122,1
LF:55
LH:51
BRDA:9,0,0,1
BRDA:9,0,1,1
BRDA:9,1,0,2
BRDA:9,1,1,2
BRDA:21,2,0,0
BRDA:21,2,1,2
BRDA:39,3,0,1
BRDA:39,3,1,3
BRDA:42,4,0,1
BRDA:42,4,1,3
BRDA:58,5,0,2
BRDA:58,5,1,2
BRDA:71,6,0,0
BRDA:71,6,1,2
BRDA:88,7,0,1
BRDA:88,7,1,1
BRDA:91,8,0,1
BRDA:91,8,1,1
BRF:18
BRH:16
end_of_record
TN:
SF:responseHandler.js\responseText.js
FNF:0
FNH:0
DA:1,1
LF:1
LH:1
BRF:0
BRH:0
end_of_record
